Using pre-set license
Built from '2020.3/staging' branch; Version is '2020.3.9f1 (108be757e447) revision 1084391'; Using compiler version '192528614'; Build Type 'Release'
OS: 'Windows 10 Home; OS build 19042.985; Version 2009; 64bit' Language: 'fr' Physical Memory: 16229 MB
BatchMode: 1, IsHumanControllingUs: 0, StartBugReporterOnCrash: 0, Is64bit: 1, IsPro: 0

 COMMAND LINE ARGUMENTS:
C:\Program Files\Unity\Hub\Editor\2020.3.9f1\Editor\Unity.exe
-adb2
-batchMode
-noUpm
-name
AssetImportWorker0
-projectPath
C:/Users/Morgane/Documents/Unity/ThirdGame
-logFile
Logs/AssetImportWorker0.log
-srvPort
54532
Successfully changed project path to: C:/Users/Morgane/Documents/Unity/ThirdGame
C:/Users/Morgane/Documents/Unity/ThirdGame
Using Asset Import Pipeline V2.
Refreshing native plugins compatible for Editor in 22.00 ms, found 0 plugins.
Preloading 0 native plugins for Editor in 0.00 ms.
Initialize engine version: 2020.3.9f1 (108be757e447)
[Subsystems] Discovering subsystems at path C:/Program Files/Unity/Hub/Editor/2020.3.9f1/Editor/Data/Resources/UnitySubsystems
[Subsystems] Discovering subsystems at path C:/Users/Morgane/Documents/Unity/ThirdGame/Assets
GfxDevice: creating device client; threaded=0
Direct3D:
    Version:  Direct3D 11.0 [level 11.1]
    Renderer: NVIDIA GeForce GTX 1660 Ti (ID=0x2191)
    Vendor:   
    VRAM:     5991 MB
    Driver:   27.21.14.6647
Initialize mono
Mono path[0] = 'C:/Program Files/Unity/Hub/Editor/2020.3.9f1/Editor/Data/Managed'
Mono path[1] = 'C:/Program Files/Unity/Hub/Editor/2020.3.9f1/Editor/Data/MonoBleedingEdge/lib/mono/unityjit'
Mono config path = 'C:/Program Files/Unity/Hub/Editor/2020.3.9f1/Editor/Data/MonoBleedingEdge/etc'
Using monoOptions --debugger-agent=transport=dt_socket,embedding=1,server=y,suspend=n,address=127.0.0.1:56800
Begin MonoManager ReloadAssembly
Registering precompiled unity dll's ...
Register platform support module: C:/Program Files/Unity/Hub/Editor/2020.3.9f1/Editor/Data/PlaybackEngines/WindowsStandaloneSupport/UnityEditor.WindowsStandalone.Extensions.dll
Registered in 0.001558 seconds.
Native extension for WindowsStandalone target not found
Refreshing native plugins compatible for Editor in 21.00 ms, found 0 plugins.
Preloading 0 native plugins for Editor in 0.00 ms.
Mono: successfully reloaded assembly
- Completed reload, in  0.858 seconds
Platform modules already initialized, skipping
Registering precompiled user dll's ...
Registered in 0.000648 seconds.
Begin MonoManager ReloadAssembly
Native extension for WindowsStandalone target not found
Refreshing native plugins compatible for Editor in 0.18 ms, found 0 plugins.
Preloading 0 native plugins for Editor in 0.00 ms.
Mono: successfully reloaded assembly
- Completed reload, in  0.705 seconds
Platform modules already initialized, skipping
========================================================================
Worker process is ready to serve import requests
Launched and connected shader compiler UnityShaderCompiler.exe after 0.04 seconds
Refreshing native plugins compatible for Editor in 0.18 ms, found 0 plugins.
Preloading 0 native plugins for Editor in 0.00 ms.
Unloading 1121 Unused Serialized files (Serialized files now loaded: 0)
System memory in use before: 57.4 MB.
System memory in use after: 57.4 MB.

Unloading 10 unused Assets to reduce memory usage. Loaded Objects now: 1564.
Total: 1.624000 ms (FindLiveObjects: 0.112000 ms CreateObjectMapping: 0.026700 ms MarkObjects: 1.421200 ms  DeleteObjects: 0.063300 ms)

========================================================================
Received Prepare
Refreshing native plugins compatible for Editor in 0.73 ms, found 0 plugins.
Preloading 0 native plugins for Editor in 0.00 ms.
Unloading 3 Unused Serialized files (Serialized files now loaded: 0)
System memory in use before: 35.0 MB.
System memory in use after: 35.1 MB.

Unloading 3 unused Assets to reduce memory usage. Loaded Objects now: 1564.
Total: 1.572300 ms (FindLiveObjects: 0.113300 ms CreateObjectMapping: 0.026300 ms MarkObjects: 1.395100 ms  DeleteObjects: 0.037100 ms)

========================================================================
Received Import Request.
  path: Assets/Scenes/Map1.unity
  artifactKey: Guid(9fc0d4010bbf28b4594072e72b8655ab) Importer(815301076,1909f56bfc062723c751e8b465ee728b)
Start importing Assets/Scenes/Map1.unity using Guid(9fc0d4010bbf28b4594072e72b8655ab) Importer(815301076,1909f56bfc062723c751e8b465ee728b)  -> (artifact id: '9bc4190518f849bc1e6082cf6e1a6191') in 0.010929 seconds
  Import took 0.012800 seconds .

========================================================================
Received Import Request.
  Time since last request: 10.961671 seconds.
  path: Assets/Scenes/Map2.unity
  artifactKey: Guid(db772b0cd046ed54b83e551c486ed266) Importer(815301076,1909f56bfc062723c751e8b465ee728b)
Start importing Assets/Scenes/Map2.unity using Guid(db772b0cd046ed54b83e551c486ed266) Importer(815301076,1909f56bfc062723c751e8b465ee728b)  -> (artifact id: 'ac156bed9c1f92b5f642dfbde2c5581f') in 0.001594 seconds
  Import took 0.003390 seconds .

========================================================================
Received Prepare
Registering precompiled user dll's ...
Registered in 0.000666 seconds.
Begin MonoManager ReloadAssembly
Native extension for WindowsStandalone target not found
Refreshing native plugins compatible for Editor in 0.18 ms, found 0 plugins.
Preloading 0 native plugins for Editor in 0.00 ms.
Mono: successfully reloaded assembly
- Completed reload, in  0.691 seconds
Platform modules already initialized, skipping
Refreshing native plugins compatible for Editor in 0.28 ms, found 0 plugins.
Preloading 0 native plugins for Editor in 0.00 ms.
Unloading 1116 Unused Serialized files (Serialized files now loaded: 0)
System memory in use before: 57.3 MB.
System memory in use after: 57.4 MB.

Unloading 5 unused Assets to reduce memory usage. Loaded Objects now: 1567.
Total: 1.310200 ms (FindLiveObjects: 0.103600 ms CreateObjectMapping: 0.026900 ms MarkObjects: 1.138700 ms  DeleteObjects: 0.040100 ms)

========================================================================
Received Prepare
Registering precompiled user dll's ...
Registered in 0.000620 seconds.
Begin MonoManager ReloadAssembly
Native extension for WindowsStandalone target not found
Refreshing native plugins compatible for Editor in 0.20 ms, found 0 plugins.
Preloading 0 native plugins for Editor in 0.00 ms.
Mono: successfully reloaded assembly
- Completed reload, in  0.669 seconds
Platform modules already initialized, skipping
Refreshing native plugins compatible for Editor in 0.19 ms, found 0 plugins.
Preloading 0 native plugins for Editor in 0.00 ms.
Unloading 1116 Unused Serialized files (Serialized files now loaded: 0)
System memory in use before: 57.3 MB.
System memory in use after: 57.4 MB.

Unloading 5 unused Assets to reduce memory usage. Loaded Objects now: 1570.
Total: 1.783300 ms (FindLiveObjects: 0.116100 ms CreateObjectMapping: 0.030300 ms MarkObjects: 1.578300 ms  DeleteObjects: 0.057300 ms)

========================================================================
Received Prepare
Registering precompiled user dll's ...
Registered in 0.000776 seconds.
Begin MonoManager ReloadAssembly
Native extension for WindowsStandalone target not found
Refreshing native plugins compatible for Editor in 0.18 ms, found 0 plugins.
Preloading 0 native plugins for Editor in 0.00 ms.
Mono: successfully reloaded assembly
- Completed reload, in  0.648 seconds
Platform modules already initialized, skipping
Refreshing native plugins compatible for Editor in 0.18 ms, found 0 plugins.
Preloading 0 native plugins for Editor in 0.00 ms.
Unloading 1116 Unused Serialized files (Serialized files now loaded: 0)
System memory in use before: 57.3 MB.
System memory in use after: 57.4 MB.

Unloading 5 unused Assets to reduce memory usage. Loaded Objects now: 1573.
Total: 1.422400 ms (FindLiveObjects: 0.104900 ms CreateObjectMapping: 0.028900 ms MarkObjects: 1.247900 ms  DeleteObjects: 0.039700 ms)

========================================================================
Received Import Request.
  Time since last request: 69.617099 seconds.
  path: Assets/Scenes/Map3.unity
  artifactKey: Guid(97b4eaa26933c7f439c09c17fe609e3e) Importer(815301076,1909f56bfc062723c751e8b465ee728b)
Start importing Assets/Scenes/Map3.unity using Guid(97b4eaa26933c7f439c09c17fe609e3e) Importer(815301076,1909f56bfc062723c751e8b465ee728b)  -> (artifact id: '120b2b6a5378d4f4daa1b0cbbe34393b') in 0.010549 seconds
  Import took 0.012202 seconds .

========================================================================
Received Import Request.
  Time since last request: 0.001567 seconds.
  path: Assets/Scenes/Map3.unity
  artifactKey: Guid(97b4eaa26933c7f439c09c17fe609e3e) Importer(815301076,1909f56bfc062723c751e8b465ee728b)
Start importing Assets/Scenes/Map3.unity using Guid(97b4eaa26933c7f439c09c17fe609e3e) Importer(815301076,1909f56bfc062723c751e8b465ee728b)  -> (artifact id: '120b2b6a5378d4f4daa1b0cbbe34393b') in 0.001555 seconds
  Import took 0.003215 seconds .

========================================================================
Received Prepare
Registering precompiled user dll's ...
Registered in 0.000634 seconds.
Begin MonoManager ReloadAssembly
Native extension for WindowsStandalone target not found
Refreshing native plugins compatible for Editor in 0.21 ms, found 0 plugins.
Preloading 0 native plugins for Editor in 0.00 ms.
Mono: successfully reloaded assembly
- Completed reload, in  0.667 seconds
Platform modules already initialized, skipping
Refreshing native plugins compatible for Editor in 0.19 ms, found 0 plugins.
Preloading 0 native plugins for Editor in 0.00 ms.
Unloading 1116 Unused Serialized files (Serialized files now loaded: 0)
System memory in use before: 57.4 MB.
System memory in use after: 57.4 MB.

Unloading 5 unused Assets to reduce memory usage. Loaded Objects now: 1576.
Total: 1.586100 ms (FindLiveObjects: 0.113400 ms CreateObjectMapping: 0.026800 ms MarkObjects: 1.403200 ms  DeleteObjects: 0.041800 ms)

========================================================================
Received Import Request.
  Time since last request: 941.956622 seconds.
  path: Assets/Scenes/Load.unity
  artifactKey: Guid(671b367839dbff44d86f5e5d4d97be75) Importer(815301076,1909f56bfc062723c751e8b465ee728b)
Start importing Assets/Scenes/Load.unity using Guid(671b367839dbff44d86f5e5d4d97be75) Importer(815301076,1909f56bfc062723c751e8b465ee728b)  -> (artifact id: '40e7267826dc722eb7495500d12362a8') in 0.012919 seconds
  Import took 0.015238 seconds .

========================================================================
Received Import Request.
  Time since last request: 119.986167 seconds.
  path: Assets/Textures/rules.png
  artifactKey: Guid(9bbfff7174fad3e45b789982783bbe52) Importer(815301076,1909f56bfc062723c751e8b465ee728b)
Start importing Assets/Textures/rules.png using Guid(9bbfff7174fad3e45b789982783bbe52) Importer(815301076,1909f56bfc062723c751e8b465ee728b)  -> (artifact id: 'dbd349e6bc823733bae69c0c7384f49a') in 0.053164 seconds
  Import took 0.054904 seconds .

========================================================================
Received Import Request.
  Time since last request: 41.340134 seconds.
  path: Assets/Scripts/LevelLoad.cs
  artifactKey: Guid(f339c8c7997a866418d424abd8be2c61) Importer(815301076,1909f56bfc062723c751e8b465ee728b)
Start importing Assets/Scripts/LevelLoad.cs using Guid(f339c8c7997a866418d424abd8be2c61) Importer(815301076,1909f56bfc062723c751e8b465ee728b)  -> (artifact id: 'a4eec175c335c66540f92b58183e8dc0') in 0.003936 seconds
  Import took 0.005515 seconds .

========================================================================
Received Prepare
Registering precompiled user dll's ...
Registered in 0.000602 seconds.
Begin MonoManager ReloadAssembly
Native extension for WindowsStandalone target not found
Refreshing native plugins compatible for Editor in 0.20 ms, found 0 plugins.
Preloading 0 native plugins for Editor in 0.00 ms.
Mono: successfully reloaded assembly
- Completed reload, in  0.890 seconds
Platform modules already initialized, skipping
Refreshing native plugins compatible for Editor in 0.17 ms, found 0 plugins.
Preloading 0 native plugins for Editor in 0.00 ms.
Unloading 1117 Unused Serialized files (Serialized files now loaded: 0)
System memory in use before: 57.4 MB.
System memory in use after: 57.5 MB.

Unloading 5 unused Assets to reduce memory usage. Loaded Objects now: 1582.
Total: 1.408600 ms (FindLiveObjects: 0.120100 ms CreateObjectMapping: 0.030200 ms MarkObjects: 1.213500 ms  DeleteObjects: 0.044100 ms)

========================================================================
Received Prepare
Registering precompiled user dll's ...
Registered in 0.000633 seconds.
Begin MonoManager ReloadAssembly
Native extension for WindowsStandalone target not found
Refreshing native plugins compatible for Editor in 0.21 ms, found 0 plugins.
Preloading 0 native plugins for Editor in 0.00 ms.
Mono: successfully reloaded assembly
- Completed reload, in  0.683 seconds
Platform modules already initialized, skipping
Refreshing native plugins compatible for Editor in 0.18 ms, found 0 plugins.
Preloading 0 native plugins for Editor in 0.00 ms.
Unloading 1117 Unused Serialized files (Serialized files now loaded: 0)
System memory in use before: 57.4 MB.
System memory in use after: 57.5 MB.

Unloading 5 unused Assets to reduce memory usage. Loaded Objects now: 1585.
Total: 1.658000 ms (FindLiveObjects: 0.113000 ms CreateObjectMapping: 0.026000 ms MarkObjects: 1.479200 ms  DeleteObjects: 0.039100 ms)

========================================================================
Received Import Request.
  Time since last request: 17.775604 seconds.
  path: Assets/Scripts/LevelLoad.cs
  artifactKey: Guid(f339c8c7997a866418d424abd8be2c61) Importer(815301076,1909f56bfc062723c751e8b465ee728b)
Start importing Assets/Scripts/LevelLoad.cs using Guid(f339c8c7997a866418d424abd8be2c61) Importer(815301076,1909f56bfc062723c751e8b465ee728b)  -> (artifact id: '711c093c24bdb614e2d0c97071582fd3') in 0.003169 seconds
  Import took 0.004680 seconds .

========================================================================
Received Prepare
Registering precompiled user dll's ...
Registered in 0.000643 seconds.
Begin MonoManager ReloadAssembly
Native extension for WindowsStandalone target not found
Refreshing native plugins compatible for Editor in 0.18 ms, found 0 plugins.
Preloading 0 native plugins for Editor in 0.00 ms.
Mono: successfully reloaded assembly
- Completed reload, in  0.664 seconds
Platform modules already initialized, skipping
Refreshing native plugins compatible for Editor in 0.18 ms, found 0 plugins.
Preloading 0 native plugins for Editor in 0.00 ms.
Unloading 1117 Unused Serialized files (Serialized files now loaded: 0)
System memory in use before: 57.4 MB.
System memory in use after: 57.5 MB.

Unloading 5 unused Assets to reduce memory usage. Loaded Objects now: 1588.
Total: 1.497300 ms (FindLiveObjects: 0.110900 ms CreateObjectMapping: 0.025700 ms MarkObjects: 1.320700 ms  DeleteObjects: 0.039200 ms)

========================================================================
Received Import Request.
  Time since last request: 37.938455 seconds.
  path: Assets/Scripts/LevelLoad.cs
  artifactKey: Guid(f339c8c7997a866418d424abd8be2c61) Importer(815301076,1909f56bfc062723c751e8b465ee728b)
Start importing Assets/Scripts/LevelLoad.cs using Guid(f339c8c7997a866418d424abd8be2c61) Importer(815301076,1909f56bfc062723c751e8b465ee728b)  -> (artifact id: '80235024c65bc3cceea7864ae0b8425a') in 0.003000 seconds
  Import took 0.004468 seconds .

========================================================================
Received Import Request.
  Time since last request: 183.400480 seconds.
  path: Assets/Scenes/Map2.unity
  artifactKey: Guid(db772b0cd046ed54b83e551c486ed266) Importer(815301076,1909f56bfc062723c751e8b465ee728b)
Start importing Assets/Scenes/Map2.unity using Guid(db772b0cd046ed54b83e551c486ed266) Importer(815301076,1909f56bfc062723c751e8b465ee728b)  -> (artifact id: '507d9eebd2f92cee6cda3ae98c71dced') in 0.010317 seconds
  Import took 0.012636 seconds .

========================================================================
Received Import Request.
  Time since last request: 0.000879 seconds.
  path: Assets/Scenes/Map2.unity
  artifactKey: Guid(db772b0cd046ed54b83e551c486ed266) Importer(815301076,1909f56bfc062723c751e8b465ee728b)
Start importing Assets/Scenes/Map2.unity using Guid(db772b0cd046ed54b83e551c486ed266) Importer(815301076,1909f56bfc062723c751e8b465ee728b)  -> (artifact id: '507d9eebd2f92cee6cda3ae98c71dced') in 0.002326 seconds
  Import took 0.005197 seconds .

========================================================================
Received Import Request.
  Time since last request: 0.497825 seconds.
  path: Assets/Scenes/Map3.unity
  artifactKey: Guid(97b4eaa26933c7f439c09c17fe609e3e) Importer(815301076,1909f56bfc062723c751e8b465ee728b)
Start importing Assets/Scenes/Map3.unity using Guid(97b4eaa26933c7f439c09c17fe609e3e) Importer(815301076,1909f56bfc062723c751e8b465ee728b)  -> (artifact id: 'e5d722d69dbd185b87a326b30c66473c') in 0.001898 seconds
  Import took 0.004618 seconds .

========================================================================
Received Import Request.
  Time since last request: 202.122004 seconds.
  path: Assets/Scenes/Menu.unity
  artifactKey: Guid(f928bc89d86cd4b45a84bc3e2fff03a5) Importer(815301076,1909f56bfc062723c751e8b465ee728b)
Start importing Assets/Scenes/Menu.unity using Guid(f928bc89d86cd4b45a84bc3e2fff03a5) Importer(815301076,1909f56bfc062723c751e8b465ee728b)  -> (artifact id: 'fb2273e7bc9a66c2a3b07bc3a4a0590d') in 0.002257 seconds
  Import took 0.003927 seconds .

========================================================================
Received Import Request.
  Time since last request: 122.310892 seconds.
  path: Assets/Scenes/Win.unity
  artifactKey: Guid(354872ae72c79d440a2e1c60c376dfd1) Importer(815301076,1909f56bfc062723c751e8b465ee728b)
Start importing Assets/Scenes/Win.unity using Guid(354872ae72c79d440a2e1c60c376dfd1) Importer(815301076,1909f56bfc062723c751e8b465ee728b)  -> (artifact id: '6a34e6bb89c38221f7429772bb26d237') in 0.001808 seconds
  Import took 0.003569 seconds .

========================================================================
Received Prepare
Registering precompiled user dll's ...
Registered in 0.000865 seconds.
Begin MonoManager ReloadAssembly
Native extension for WindowsStandalone target not found
Refreshing native plugins compatible for Editor in 0.18 ms, found 0 plugins.
Preloading 0 native plugins for Editor in 0.00 ms.
Mono: successfully reloaded assembly
- Completed reload, in  0.661 seconds
Platform modules already initialized, skipping
Refreshing native plugins compatible for Editor in 0.19 ms, found 0 plugins.
Preloading 0 native plugins for Editor in 0.00 ms.
Unloading 1117 Unused Serialized files (Serialized files now loaded: 0)
System memory in use before: 57.5 MB.
System memory in use after: 57.6 MB.

Unloading 5 unused Assets to reduce memory usage. Loaded Objects now: 1591.
Total: 1.638200 ms (FindLiveObjects: 0.109500 ms CreateObjectMapping: 0.033500 ms MarkObjects: 1.443300 ms  DeleteObjects: 0.050800 ms)

========================================================================
Received Import Request.
  Time since last request: 161.348682 seconds.
  path: Assets/Scripts/Time.cs
  artifactKey: Guid(b6bd7b442893542449c7519057c87cdb) Importer(815301076,1909f56bfc062723c751e8b465ee728b)
Start importing Assets/Scripts/Time.cs using Guid(b6bd7b442893542449c7519057c87cdb) Importer(815301076,1909f56bfc062723c751e8b465ee728b)  -> (artifact id: 'aa69cece650e6cca94113599413e6b3f') in 0.003277 seconds
  Import took 0.005108 seconds .

========================================================================
Received Import Request.
  Time since last request: 0.000542 seconds.
  path: Assets/Scripts/Time.cs
  artifactKey: Guid(b6bd7b442893542449c7519057c87cdb) Importer(815301076,1909f56bfc062723c751e8b465ee728b)
Start importing Assets/Scripts/Time.cs using Guid(b6bd7b442893542449c7519057c87cdb) Importer(815301076,1909f56bfc062723c751e8b465ee728b)  -> (artifact id: 'aa69cece650e6cca94113599413e6b3f') in 0.001379 seconds
  Import took 0.002929 seconds .

========================================================================
Received Prepare
Registering precompiled user dll's ...
Registered in 0.000610 seconds.
Begin MonoManager ReloadAssembly
Native extension for WindowsStandalone target not found
Refreshing native plugins compatible for Editor in 0.18 ms, found 0 plugins.
Preloading 0 native plugins for Editor in 0.00 ms.
Mono: successfully reloaded assembly
- Completed reload, in  0.686 seconds
Platform modules already initialized, skipping
Refreshing native plugins compatible for Editor in 0.18 ms, found 0 plugins.
Preloading 0 native plugins for Editor in 0.00 ms.
Unloading 1117 Unused Serialized files (Serialized files now loaded: 0)
System memory in use before: 57.5 MB.
System memory in use after: 57.6 MB.

Unloading 5 unused Assets to reduce memory usage. Loaded Objects now: 1594.
Total: 1.510100 ms (FindLiveObjects: 0.101200 ms CreateObjectMapping: 0.025800 ms MarkObjects: 1.339800 ms  DeleteObjects: 0.042500 ms)

========================================================================
Received Import Request.
  Time since last request: 22.981245 seconds.
  path: Assets/Scripts/TimerController.cs
  artifactKey: Guid(8b4d00e50d7b63f43826823d3b2f0a8d) Importer(815301076,1909f56bfc062723c751e8b465ee728b)
Start importing Assets/Scripts/TimerController.cs using Guid(8b4d00e50d7b63f43826823d3b2f0a8d) Importer(815301076,1909f56bfc062723c751e8b465ee728b)  -> (artifact id: 'adfa8e25c0595c6869c0d1989256870c') in 0.003172 seconds
  Import took 0.004771 seconds .

========================================================================
Received Import Request.
  Time since last request: 0.004365 seconds.
  path: Assets/Scripts/TimerController.cs
  artifactKey: Guid(8b4d00e50d7b63f43826823d3b2f0a8d) Importer(815301076,1909f56bfc062723c751e8b465ee728b)
Start importing Assets/Scripts/TimerController.cs using Guid(8b4d00e50d7b63f43826823d3b2f0a8d) Importer(815301076,1909f56bfc062723c751e8b465ee728b)  -> (artifact id: 'adfa8e25c0595c6869c0d1989256870c') in 0.001436 seconds
  Import took 0.003096 seconds .

========================================================================
Received Prepare
Registering precompiled user dll's ...
Registered in 0.001041 seconds.
Begin MonoManager ReloadAssembly
Native extension for WindowsStandalone target not found
Refreshing native plugins compatible for Editor in 0.18 ms, found 0 plugins.
Preloading 0 native plugins for Editor in 0.00 ms.
Mono: successfully reloaded assembly
- Completed reload, in  0.658 seconds
Platform modules already initialized, skipping
Refreshing native plugins compatible for Editor in 0.41 ms, found 0 plugins.
Preloading 0 native plugins for Editor in 0.00 ms.
Unloading 1118 Unused Serialized files (Serialized files now loaded: 0)
System memory in use before: 57.6 MB.
System memory in use after: 57.6 MB.

Unloading 5 unused Assets to reduce memory usage. Loaded Objects now: 1598.
Total: 1.440300 ms (FindLiveObjects: 0.128900 ms CreateObjectMapping: 0.031900 ms MarkObjects: 1.235100 ms  DeleteObjects: 0.043200 ms)

========================================================================
Received Import Request.
  Time since last request: 436.437375 seconds.
  path: Assets/Scripts/TimerController.cs
  artifactKey: Guid(8b4d00e50d7b63f43826823d3b2f0a8d) Importer(815301076,1909f56bfc062723c751e8b465ee728b)
Start importing Assets/Scripts/TimerController.cs using Guid(8b4d00e50d7b63f43826823d3b2f0a8d) Importer(815301076,1909f56bfc062723c751e8b465ee728b)  -> (artifact id: '48aea228438cccb5063305335a560b18') in 0.006027 seconds
  Import took 0.008604 seconds .

========================================================================
Received Prepare
Registering precompiled user dll's ...
Registered in 0.000859 seconds.
Begin MonoManager ReloadAssembly
Native extension for WindowsStandalone target not found
Refreshing native plugins compatible for Editor in 0.20 ms, found 0 plugins.
Preloading 0 native plugins for Editor in 0.00 ms.
Mono: successfully reloaded assembly
- Completed reload, in  0.714 seconds
Platform modules already initialized, skipping
Refreshing native plugins compatible for Editor in 0.25 ms, found 0 plugins.
Preloading 0 native plugins for Editor in 0.00 ms.
Unloading 1118 Unused Serialized files (Serialized files now loaded: 0)
System memory in use before: 57.6 MB.
System memory in use after: 57.6 MB.

Unloading 5 unused Assets to reduce memory usage. Loaded Objects now: 1601.
Total: 1.377300 ms (FindLiveObjects: 0.108700 ms CreateObjectMapping: 0.027500 ms MarkObjects: 1.198000 ms  DeleteObjects: 0.042200 ms)

========================================================================
Received Prepare
Registering precompiled user dll's ...
Registered in 0.000627 seconds.
Begin MonoManager ReloadAssembly
Native extension for WindowsStandalone target not found
Refreshing native plugins compatible for Editor in 0.20 ms, found 0 plugins.
Preloading 0 native plugins for Editor in 0.00 ms.
Mono: successfully reloaded assembly
- Completed reload, in  0.745 seconds
Platform modules already initialized, skipping
Refreshing native plugins compatible for Editor in 0.47 ms, found 0 plugins.
Preloading 0 native plugins for Editor in 0.00 ms.
Unloading 1118 Unused Serialized files (Serialized files now loaded: 0)
System memory in use before: 57.6 MB.
System memory in use after: 57.6 MB.

Unloading 5 unused Assets to reduce memory usage. Loaded Objects now: 1604.
Total: 2.992100 ms (FindLiveObjects: 0.129300 ms CreateObjectMapping: 0.031900 ms MarkObjects: 2.688600 ms  DeleteObjects: 0.137700 ms)

========================================================================
Received Prepare
Registering precompiled user dll's ...
Registered in 0.000623 seconds.
Begin MonoManager ReloadAssembly
Native extension for WindowsStandalone target not found
Refreshing native plugins compatible for Editor in 0.18 ms, found 0 plugins.
Preloading 0 native plugins for Editor in 0.00 ms.
Mono: successfully reloaded assembly
- Completed reload, in  0.657 seconds
Platform modules already initialized, skipping
Refreshing native plugins compatible for Editor in 0.19 ms, found 0 plugins.
Preloading 0 native plugins for Editor in 0.00 ms.
Unloading 1118 Unused Serialized files (Serialized files now loaded: 0)
System memory in use before: 57.6 MB.
System memory in use after: 57.6 MB.

Unloading 5 unused Assets to reduce memory usage. Loaded Objects now: 1607.
Total: 1.839700 ms (FindLiveObjects: 0.113200 ms CreateObjectMapping: 0.030200 ms MarkObjects: 1.648000 ms  DeleteObjects: 0.047000 ms)

========================================================================
Received Prepare
Registering precompiled user dll's ...
Registered in 0.000639 seconds.
Begin MonoManager ReloadAssembly
Native extension for WindowsStandalone target not found
Refreshing native plugins compatible for Editor in 0.22 ms, found 0 plugins.
Preloading 0 native plugins for Editor in 0.00 ms.
Mono: successfully reloaded assembly
- Completed reload, in  0.682 seconds
Platform modules already initialized, skipping
Refreshing native plugins compatible for Editor in 0.21 ms, found 0 plugins.
Preloading 0 native plugins for Editor in 0.00 ms.
Unloading 1118 Unused Serialized files (Serialized files now loaded: 0)
System memory in use before: 57.6 MB.
System memory in use after: 57.6 MB.

Unloading 5 unused Assets to reduce memory usage. Loaded Objects now: 1610.
Total: 1.598400 ms (FindLiveObjects: 0.120400 ms CreateObjectMapping: 0.026900 ms MarkObjects: 1.410300 ms  DeleteObjects: 0.039800 ms)

========================================================================
Received Prepare
Registering precompiled user dll's ...
Registered in 0.001023 seconds.
Begin MonoManager ReloadAssembly
Native extension for WindowsStandalone target not found
Refreshing native plugins compatible for Editor in 0.18 ms, found 0 plugins.
Preloading 0 native plugins for Editor in 0.00 ms.
Mono: successfully reloaded assembly
- Completed reload, in  0.694 seconds
Platform modules already initialized, skipping
Refreshing native plugins compatible for Editor in 0.19 ms, found 0 plugins.
Preloading 0 native plugins for Editor in 0.00 ms.
Unloading 1118 Unused Serialized files (Serialized files now loaded: 0)
System memory in use before: 57.6 MB.
System memory in use after: 57.7 MB.

Unloading 5 unused Assets to reduce memory usage. Loaded Objects now: 1613.
Total: 1.558700 ms (FindLiveObjects: 0.105000 ms CreateObjectMapping: 0.029900 ms MarkObjects: 1.379200 ms  DeleteObjects: 0.043600 ms)

========================================================================
Received Prepare
Registering precompiled user dll's ...
Registered in 0.000627 seconds.
Begin MonoManager ReloadAssembly
Native extension for WindowsStandalone target not found
Refreshing native plugins compatible for Editor in 0.19 ms, found 0 plugins.
Preloading 0 native plugins for Editor in 0.00 ms.
Mono: successfully reloaded assembly
- Completed reload, in  0.671 seconds
Platform modules already initialized, skipping
Refreshing native plugins compatible for Editor in 0.18 ms, found 0 plugins.
Preloading 0 native plugins for Editor in 0.00 ms.
Unloading 1118 Unused Serialized files (Serialized files now loaded: 0)
System memory in use before: 57.6 MB.
System memory in use after: 57.7 MB.

Unloading 5 unused Assets to reduce memory usage. Loaded Objects now: 1616.
Total: 1.567300 ms (FindLiveObjects: 0.162300 ms CreateObjectMapping: 0.029000 ms MarkObjects: 1.331000 ms  DeleteObjects: 0.044100 ms)

========================================================================
Received Prepare
Registering precompiled user dll's ...
Registered in 0.000644 seconds.
Begin MonoManager ReloadAssembly
Native extension for WindowsStandalone target not found
Refreshing native plugins compatible for Editor in 0.21 ms, found 0 plugins.
Preloading 0 native plugins for Editor in 0.00 ms.
Mono: successfully reloaded assembly
- Completed reload, in  0.670 seconds
Platform modules already initialized, skipping
Refreshing native plugins compatible for Editor in 0.18 ms, found 0 plugins.
Preloading 0 native plugins for Editor in 0.00 ms.
Unloading 1118 Unused Serialized files (Serialized files now loaded: 0)
System memory in use before: 57.6 MB.
System memory in use after: 57.7 MB.

Unloading 5 unused Assets to reduce memory usage. Loaded Objects now: 1619.
Total: 1.697500 ms (FindLiveObjects: 0.128800 ms CreateObjectMapping: 0.030500 ms MarkObjects: 1.497000 ms  DeleteObjects: 0.040100 ms)

========================================================================
Received Import Request.
  Time since last request: 843.006835 seconds.
  path: Assets/Scripts/TimerController.cs
  artifactKey: Guid(8b4d00e50d7b63f43826823d3b2f0a8d) Importer(815301076,1909f56bfc062723c751e8b465ee728b)
Start importing Assets/Scripts/TimerController.cs using Guid(8b4d00e50d7b63f43826823d3b2f0a8d) Importer(815301076,1909f56bfc062723c751e8b465ee728b)  -> (artifact id: '02664e5abbb45ce3071f5874b588cce1') in 0.003361 seconds
  Import took 0.005274 seconds .

========================================================================
Received Import Request.
  Time since last request: 15.930802 seconds.
  path: Assets/Scripts/TimerController.cs
  artifactKey: Guid(8b4d00e50d7b63f43826823d3b2f0a8d) Importer(815301076,1909f56bfc062723c751e8b465ee728b)
Start importing Assets/Scripts/TimerController.cs using Guid(8b4d00e50d7b63f43826823d3b2f0a8d) Importer(815301076,1909f56bfc062723c751e8b465ee728b)  -> (artifact id: 'f3ce61b0e5eeb71be272d2653bc5c004') in 0.001557 seconds
  Import took 0.003339 seconds .

========================================================================
Received Prepare
Registering precompiled user dll's ...
Registered in 0.000707 seconds.
Begin MonoManager ReloadAssembly
Native extension for WindowsStandalone target not found
Refreshing native plugins compatible for Editor in 0.23 ms, found 0 plugins.
Preloading 0 native plugins for Editor in 0.00 ms.
Mono: successfully reloaded assembly
- Completed reload, in  0.679 seconds
Platform modules already initialized, skipping
Refreshing native plugins compatible for Editor in 0.18 ms, found 0 plugins.
Preloading 0 native plugins for Editor in 0.00 ms.
Unloading 1118 Unused Serialized files (Serialized files now loaded: 0)
System memory in use before: 57.6 MB.
System memory in use after: 57.7 MB.

Unloading 5 unused Assets to reduce memory usage. Loaded Objects now: 1622.
Total: 1.471200 ms (FindLiveObjects: 0.104800 ms CreateObjectMapping: 0.029700 ms MarkObjects: 1.295000 ms  DeleteObjects: 0.041000 ms)

========================================================================
Received Prepare
Registering precompiled user dll's ...
Registered in 0.000848 seconds.
Begin MonoManager ReloadAssembly
Native extension for WindowsStandalone target not found
Refreshing native plugins compatible for Editor in 0.18 ms, found 0 plugins.
Preloading 0 native plugins for Editor in 0.00 ms.
Mono: successfully reloaded assembly
- Completed reload, in  0.651 seconds
Platform modules already initialized, skipping
Refreshing native plugins compatible for Editor in 0.21 ms, found 0 plugins.
Preloading 0 native plugins for Editor in 0.00 ms.
Unloading 1118 Unused Serialized files (Serialized files now loaded: 0)
System memory in use before: 57.6 MB.
System memory in use after: 57.7 MB.

Unloading 5 unused Assets to reduce memory usage. Loaded Objects now: 1625.
Total: 1.546300 ms (FindLiveObjects: 0.104000 ms CreateObjectMapping: 0.029700 ms MarkObjects: 1.373800 ms  DeleteObjects: 0.037900 ms)

========================================================================
Received Prepare
Registering precompiled user dll's ...
Registered in 0.001219 seconds.
Begin MonoManager ReloadAssembly
Native extension for WindowsStandalone target not found
Refreshing native plugins compatible for Editor in 0.18 ms, found 0 plugins.
Preloading 0 native plugins for Editor in 0.00 ms.
Mono: successfully reloaded assembly
- Completed reload, in  0.847 seconds
Platform modules already initialized, skipping
Refreshing native plugins compatible for Editor in 0.18 ms, found 0 plugins.
Preloading 0 native plugins for Editor in 0.00 ms.
Unloading 1118 Unused Serialized files (Serialized files now loaded: 0)
System memory in use before: 57.6 MB.
System memory in use after: 57.7 MB.

Unloading 5 unused Assets to reduce memory usage. Loaded Objects now: 1628.
Total: 1.684800 ms (FindLiveObjects: 0.118400 ms CreateObjectMapping: 0.026800 ms MarkObjects: 1.497200 ms  DeleteObjects: 0.041400 ms)

========================================================================
Received Prepare
Registering precompiled user dll's ...
Registered in 0.000635 seconds.
Begin MonoManager ReloadAssembly
Native extension for WindowsStandalone target not found
Refreshing native plugins compatible for Editor in 0.36 ms, found 0 plugins.
Preloading 0 native plugins for Editor in 0.00 ms.
Mono: successfully reloaded assembly
- Completed reload, in  0.877 seconds
Platform modules already initialized, skipping
Refreshing native plugins compatible for Editor in 0.31 ms, found 0 plugins.
Preloading 0 native plugins for Editor in 0.00 ms.
Unloading 1118 Unused Serialized files (Serialized files now loaded: 0)
System memory in use before: 57.6 MB.
System memory in use after: 57.7 MB.

Unloading 5 unused Assets to reduce memory usage. Loaded Objects now: 1631.
Total: 2.264900 ms (FindLiveObjects: 0.147200 ms CreateObjectMapping: 0.049600 ms MarkObjects: 1.974200 ms  DeleteObjects: 0.092400 ms)

========================================================================
Received Prepare
Registering precompiled user dll's ...
Registered in 0.000885 seconds.
Begin MonoManager ReloadAssembly
Native extension for WindowsStandalone target not found
Refreshing native plugins compatible for Editor in 0.18 ms, found 0 plugins.
Preloading 0 native plugins for Editor in 0.00 ms.
Mono: successfully reloaded assembly
- Completed reload, in  0.685 seconds
Platform modules already initialized, skipping
Refreshing native plugins compatible for Editor in 0.19 ms, found 0 plugins.
Preloading 0 native plugins for Editor in 0.00 ms.
Unloading 1118 Unused Serialized files (Serialized files now loaded: 0)
System memory in use before: 57.6 MB.
System memory in use after: 57.7 MB.

Unloading 5 unused Assets to reduce memory usage. Loaded Objects now: 1634.
Total: 1.612000 ms (FindLiveObjects: 0.117800 ms CreateObjectMapping: 0.028200 ms MarkObjects: 1.422700 ms  DeleteObjects: 0.042100 ms)

========================================================================
Received Prepare
Registering precompiled user dll's ...
Registered in 0.000919 seconds.
Begin MonoManager ReloadAssembly
Native extension for WindowsStandalone target not found
Refreshing native plugins compatible for Editor in 0.22 ms, found 0 plugins.
Preloading 0 native plugins for Editor in 0.00 ms.
Mono: successfully reloaded assembly
- Completed reload, in  0.687 seconds
Platform modules already initialized, skipping
Refreshing native plugins compatible for Editor in 0.17 ms, found 0 plugins.
Preloading 0 native plugins for Editor in 0.00 ms.
Unloading 1118 Unused Serialized files (Serialized files now loaded: 0)
System memory in use before: 57.6 MB.
System memory in use after: 57.7 MB.

Unloading 5 unused Assets to reduce memory usage. Loaded Objects now: 1637.
Total: 1.560200 ms (FindLiveObjects: 0.117000 ms CreateObjectMapping: 0.030600 ms MarkObjects: 1.371600 ms  DeleteObjects: 0.040200 ms)

========================================================================
Received Prepare
Registering precompiled user dll's ...
Registered in 0.000664 seconds.
Begin MonoManager ReloadAssembly
Native extension for WindowsStandalone target not found
Refreshing native plugins compatible for Editor in 0.18 ms, found 0 plugins.
Preloading 0 native plugins for Editor in 0.00 ms.
Mono: successfully reloaded assembly
- Completed reload, in  0.677 seconds
Platform modules already initialized, skipping
Refreshing native plugins compatible for Editor in 0.23 ms, found 0 plugins.
Preloading 0 native plugins for Editor in 0.00 ms.
Unloading 1118 Unused Serialized files (Serialized files now loaded: 0)
System memory in use before: 57.6 MB.
System memory in use after: 57.7 MB.

Unloading 5 unused Assets to reduce memory usage. Loaded Objects now: 1640.
Total: 1.590700 ms (FindLiveObjects: 0.115800 ms CreateObjectMapping: 0.028300 ms MarkObjects: 1.400300 ms  DeleteObjects: 0.045100 ms)

========================================================================
Received Prepare
Registering precompiled user dll's ...
Registered in 0.000979 seconds.
Begin MonoManager ReloadAssembly
Native extension for WindowsStandalone target not found
Refreshing native plugins compatible for Editor in 0.20 ms, found 0 plugins.
Preloading 0 native plugins for Editor in 0.00 ms.
Mono: successfully reloaded assembly
- Completed reload, in  0.673 seconds
Platform modules already initialized, skipping
Refreshing native plugins compatible for Editor in 0.21 ms, found 0 plugins.
Preloading 0 native plugins for Editor in 0.00 ms.
Unloading 1118 Unused Serialized files (Serialized files now loaded: 0)
System memory in use before: 57.7 MB.
System memory in use after: 57.7 MB.

Unloading 5 unused Assets to reduce memory usage. Loaded Objects now: 1643.
Total: 1.678500 ms (FindLiveObjects: 0.115200 ms CreateObjectMapping: 0.026700 ms MarkObjects: 1.496800 ms  DeleteObjects: 0.039000 ms)

========================================================================
Received Prepare
Registering precompiled user dll's ...
Registered in 0.000832 seconds.
Begin MonoManager ReloadAssembly
Native extension for WindowsStandalone target not found
Refreshing native plugins compatible for Editor in 0.18 ms, found 0 plugins.
Preloading 0 native plugins for Editor in 0.00 ms.
Mono: successfully reloaded assembly
- Completed reload, in  0.704 seconds
Platform modules already initialized, skipping
Refreshing native plugins compatible for Editor in 0.22 ms, found 0 plugins.
Preloading 0 native plugins for Editor in 0.00 ms.
Unloading 1118 Unused Serialized files (Serialized files now loaded: 0)
System memory in use before: 57.7 MB.
System memory in use after: 57.7 MB.

Unloading 5 unused Assets to reduce memory usage. Loaded Objects now: 1646.
Total: 1.482200 ms (FindLiveObjects: 0.108200 ms CreateObjectMapping: 0.025900 ms MarkObjects: 1.306300 ms  DeleteObjects: 0.040900 ms)

========================================================================
Received Prepare
Registering precompiled user dll's ...
Registered in 0.000631 seconds.
Begin MonoManager ReloadAssembly
Native extension for WindowsStandalone target not found
Refreshing native plugins compatible for Editor in 0.18 ms, found 0 plugins.
Preloading 0 native plugins for Editor in 0.00 ms.
Mono: successfully reloaded assembly
- Completed reload, in  0.661 seconds
Platform modules already initialized, skipping
Refreshing native plugins compatible for Editor in 0.18 ms, found 0 plugins.
Preloading 0 native plugins for Editor in 0.00 ms.
Unloading 1118 Unused Serialized files (Serialized files now loaded: 0)
System memory in use before: 57.7 MB.
System memory in use after: 57.7 MB.

Unloading 5 unused Assets to reduce memory usage. Loaded Objects now: 1649.
Total: 1.548200 ms (FindLiveObjects: 0.109100 ms CreateObjectMapping: 0.027500 ms MarkObjects: 1.370100 ms  DeleteObjects: 0.040500 ms)

========================================================================
Received Prepare
Registering precompiled user dll's ...
Registered in 0.000647 seconds.
Begin MonoManager ReloadAssembly
Native extension for WindowsStandalone target not found
Refreshing native plugins compatible for Editor in 0.19 ms, found 0 plugins.
Preloading 0 native plugins for Editor in 0.00 ms.
Mono: successfully reloaded assembly
- Completed reload, in  0.700 seconds
Platform modules already initialized, skipping
Refreshing native plugins compatible for Editor in 0.21 ms, found 0 plugins.
Preloading 0 native plugins for Editor in 0.00 ms.
Unloading 1118 Unused Serialized files (Serialized files now loaded: 0)
System memory in use before: 57.7 MB.
System memory in use after: 57.7 MB.

Unloading 5 unused Assets to reduce memory usage. Loaded Objects now: 1652.
Total: 1.693700 ms (FindLiveObjects: 0.114200 ms CreateObjectMapping: 0.030500 ms MarkObjects: 1.506600 ms  DeleteObjects: 0.041600 ms)

========================================================================
Received Prepare
Registering precompiled user dll's ...
Registered in 0.000625 seconds.
Begin MonoManager ReloadAssembly
Native extension for WindowsStandalone target not found
Refreshing native plugins compatible for Editor in 0.20 ms, found 0 plugins.
Preloading 0 native plugins for Editor in 0.00 ms.
Mono: successfully reloaded assembly
- Completed reload, in  0.708 seconds
Platform modules already initialized, skipping
Refreshing native plugins compatible for Editor in 0.18 ms, found 0 plugins.
Preloading 0 native plugins for Editor in 0.00 ms.
Unloading 1118 Unused Serialized files (Serialized files now loaded: 0)
System memory in use before: 57.7 MB.
System memory in use after: 57.8 MB.

Unloading 5 unused Assets to reduce memory usage. Loaded Objects now: 1655.
Total: 1.664000 ms (FindLiveObjects: 0.120800 ms CreateObjectMapping: 0.027500 ms MarkObjects: 1.476000 ms  DeleteObjects: 0.038900 ms)

========================================================================
Received Prepare
Registering precompiled user dll's ...
Registered in 0.000636 seconds.
Begin MonoManager ReloadAssembly
Native extension for WindowsStandalone target not found
Refreshing native plugins compatible for Editor in 0.19 ms, found 0 plugins.
Preloading 0 native plugins for Editor in 0.00 ms.
Mono: successfully reloaded assembly
- Completed reload, in  0.681 seconds
Platform modules already initialized, skipping
Refreshing native plugins compatible for Editor in 0.22 ms, found 0 plugins.
Preloading 0 native plugins for Editor in 0.00 ms.
Unloading 1118 Unused Serialized files (Serialized files now loaded: 0)
System memory in use before: 57.7 MB.
System memory in use after: 57.8 MB.

Unloading 5 unused Assets to reduce memory usage. Loaded Objects now: 1658.
Total: 1.674600 ms (FindLiveObjects: 0.147300 ms CreateObjectMapping: 0.033400 ms MarkObjects: 1.451200 ms  DeleteObjects: 0.041900 ms)

========================================================================
Received Prepare
Registering precompiled user dll's ...
Registered in 0.000617 seconds.
Begin MonoManager ReloadAssembly
Native extension for WindowsStandalone target not found
Refreshing native plugins compatible for Editor in 0.21 ms, found 0 plugins.
Preloading 0 native plugins for Editor in 0.00 ms.
Mono: successfully reloaded assembly
- Completed reload, in  0.675 seconds
Platform modules already initialized, skipping
Refreshing native plugins compatible for Editor in 0.24 ms, found 0 plugins.
Preloading 0 native plugins for Editor in 0.00 ms.
Unloading 1118 Unused Serialized files (Serialized files now loaded: 0)
System memory in use before: 57.7 MB.
System memory in use after: 57.8 MB.

Unloading 5 unused Assets to reduce memory usage. Loaded Objects now: 1661.
Total: 1.620900 ms (FindLiveObjects: 0.121000 ms CreateObjectMapping: 0.026600 ms MarkObjects: 1.432400 ms  DeleteObjects: 0.039900 ms)

========================================================================
Received Prepare
Registering precompiled user dll's ...
Registered in 0.000608 seconds.
Begin MonoManager ReloadAssembly
Native extension for WindowsStandalone target not found
Refreshing native plugins compatible for Editor in 0.18 ms, found 0 plugins.
Preloading 0 native plugins for Editor in 0.00 ms.
Mono: successfully reloaded assembly
- Completed reload, in  0.665 seconds
Platform modules already initialized, skipping
Refreshing native plugins compatible for Editor in 0.18 ms, found 0 plugins.
Preloading 0 native plugins for Editor in 0.00 ms.
Unloading 1118 Unused Serialized files (Serialized files now loaded: 0)
System memory in use before: 57.7 MB.
System memory in use after: 57.8 MB.

Unloading 5 unused Assets to reduce memory usage. Loaded Objects now: 1664.
Total: 1.601000 ms (FindLiveObjects: 0.123900 ms CreateObjectMapping: 0.027600 ms MarkObjects: 1.407500 ms  DeleteObjects: 0.041100 ms)

========================================================================
Received Prepare
Registering precompiled user dll's ...
Registered in 0.000662 seconds.
Begin MonoManager ReloadAssembly
Native extension for WindowsStandalone target not found
Refreshing native plugins compatible for Editor in 0.20 ms, found 0 plugins.
Preloading 0 native plugins for Editor in 0.00 ms.
Mono: successfully reloaded assembly
- Completed reload, in  0.684 seconds
Platform modules already initialized, skipping
Refreshing native plugins compatible for Editor in 0.18 ms, found 0 plugins.
Preloading 0 native plugins for Editor in 0.00 ms.
Unloading 1118 Unused Serialized files (Serialized files now loaded: 0)
System memory in use before: 57.7 MB.
System memory in use after: 57.8 MB.

Unloading 5 unused Assets to reduce memory usage. Loaded Objects now: 1667.
Total: 1.513700 ms (FindLiveObjects: 0.124800 ms CreateObjectMapping: 0.031500 ms MarkObjects: 1.315500 ms  DeleteObjects: 0.041000 ms)

========================================================================
Received Import Request.
  Time since last request: 865.588066 seconds.
  path: Assets/Font
  artifactKey: Guid(937a7374f2919264ca13461a4700e2b7) Importer(815301076,1909f56bfc062723c751e8b465ee728b)
Start importing Assets/Font using Guid(937a7374f2919264ca13461a4700e2b7) Importer(815301076,1909f56bfc062723c751e8b465ee728b)  -> (artifact id: '21ec3f350d96dd7f0b404f919ca6a055') in 0.003484 seconds
  Import took 0.005237 seconds .

========================================================================
Received Import Request.
  Time since last request: 5.939335 seconds.
  path: Assets/Font/COLONNA.TTF
  artifactKey: Guid(0f895e479ee009347a6abaf76c5e7a74) Importer(815301076,1909f56bfc062723c751e8b465ee728b)
Start importing Assets/Font/COLONNA.TTF using Guid(0f895e479ee009347a6abaf76c5e7a74) Importer(815301076,1909f56bfc062723c751e8b465ee728b)  -> (artifact id: '24b6b3937dd61e6fe98a6a9462fac061') in 0.104463 seconds
  Import took 0.106359 seconds .

========================================================================
Received Prepare
Registering precompiled user dll's ...
Registered in 0.000632 seconds.
Begin MonoManager ReloadAssembly
Native extension for WindowsStandalone target not found
Refreshing native plugins compatible for Editor in 0.18 ms, found 0 plugins.
Preloading 0 native plugins for Editor in 0.00 ms.
Mono: successfully reloaded assembly
- Completed reload, in  0.669 seconds
Platform modules already initialized, skipping
Refreshing native plugins compatible for Editor in 0.22 ms, found 0 plugins.
Preloading 0 native plugins for Editor in 0.00 ms.
Unloading 1118 Unused Serialized files (Serialized files now loaded: 0)
System memory in use before: 61.1 MB.
System memory in use after: 61.2 MB.

Unloading 5 unused Assets to reduce memory usage. Loaded Objects now: 1714.
Total: 1.829600 ms (FindLiveObjects: 0.142900 ms CreateObjectMapping: 0.038700 ms MarkObjects: 1.601500 ms  DeleteObjects: 0.045600 ms)

========================================================================
Received Import Request.
  Time since last request: 55.023135 seconds.
  path: Assets/Font/AGENCYB.TTF
  artifactKey: Guid(d526a75ce41ce6041ae55f21a765f74c) Importer(815301076,1909f56bfc062723c751e8b465ee728b)
Start importing Assets/Font/AGENCYB.TTF using Guid(d526a75ce41ce6041ae55f21a765f74c) Importer(815301076,1909f56bfc062723c751e8b465ee728b)  -> (artifact id: '1292169c094cca45d61a02651cf7c479') in 0.055688 seconds
  Import took 0.057513 seconds .

========================================================================
Received Import Request.
  Time since last request: 0.000307 seconds.
  path: Assets/Font/AGENCYR.TTF
  artifactKey: Guid(e36e2fb05dfadad49b1d433913ed7ddc) Importer(815301076,1909f56bfc062723c751e8b465ee728b)
Start importing Assets/Font/AGENCYR.TTF using Guid(e36e2fb05dfadad49b1d433913ed7ddc) Importer(815301076,1909f56bfc062723c751e8b465ee728b)  -> (artifact id: 'bb4ab969a36042d4ef63447785b78e77') in 0.007778 seconds
  Import took 0.009439 seconds .

========================================================================
Received Import Request.
  Time since last request: 30.370620 seconds.
  path: Assets/Scenes/Map1.unity
  artifactKey: Guid(9fc0d4010bbf28b4594072e72b8655ab) Importer(815301076,1909f56bfc062723c751e8b465ee728b)
Start importing Assets/Scenes/Map1.unity using Guid(9fc0d4010bbf28b4594072e72b8655ab) Importer(815301076,1909f56bfc062723c751e8b465ee728b)  -> (artifact id: '7a7e7e3c3531a81058a8e99171d1b57f') in 0.001996 seconds
  Import took 0.003788 seconds .

========================================================================
Received Import Request.
  Time since last request: 6.897797 seconds.
  path: Assets/Scenes/Map2.unity
  artifactKey: Guid(db772b0cd046ed54b83e551c486ed266) Importer(815301076,1909f56bfc062723c751e8b465ee728b)
Start importing Assets/Scenes/Map2.unity using Guid(db772b0cd046ed54b83e551c486ed266) Importer(815301076,1909f56bfc062723c751e8b465ee728b)  -> (artifact id: '76705a36d52473ba30c5004cb7b1dea8') in 0.001902 seconds
  Import took 0.003574 seconds .

========================================================================
Received Import Request.
  Time since last request: 2.385565 seconds.
  path: Assets/Scenes/Map1.unity
  artifactKey: Guid(9fc0d4010bbf28b4594072e72b8655ab) Importer(815301076,1909f56bfc062723c751e8b465ee728b)
Start importing Assets/Scenes/Map1.unity using Guid(9fc0d4010bbf28b4594072e72b8655ab) Importer(815301076,1909f56bfc062723c751e8b465ee728b)  -> (artifact id: '4536657ef7cbd1086c89cf293d58b401') in 0.002608 seconds
  Import took 0.005149 seconds .

========================================================================
Received Import Request.
  Time since last request: 29.889798 seconds.
  path: Assets/Scenes/Map2.unity
  artifactKey: Guid(db772b0cd046ed54b83e551c486ed266) Importer(815301076,1909f56bfc062723c751e8b465ee728b)
Start importing Assets/Scenes/Map2.unity using Guid(db772b0cd046ed54b83e551c486ed266) Importer(815301076,1909f56bfc062723c751e8b465ee728b)  -> (artifact id: 'ad6f24e31bfccd61191be76ece8a464e') in 0.001693 seconds
  Import took 0.003430 seconds .

========================================================================
Received Import Request.
  Time since last request: 6.696761 seconds.
  path: Assets/Scenes/Map3.unity
  artifactKey: Guid(97b4eaa26933c7f439c09c17fe609e3e) Importer(815301076,1909f56bfc062723c751e8b465ee728b)
Start importing Assets/Scenes/Map3.unity using Guid(97b4eaa26933c7f439c09c17fe609e3e) Importer(815301076,1909f56bfc062723c751e8b465ee728b)  -> (artifact id: 'b81917391caddfda3ccf9e692c3b27c6') in 0.001615 seconds
  Import took 0.003288 seconds .

========================================================================
Received Prepare
Registering precompiled user dll's ...
Registered in 0.000601 seconds.
Begin MonoManager ReloadAssembly
Native extension for WindowsStandalone target not found
Refreshing native plugins compatible for Editor in 0.18 ms, found 0 plugins.
Preloading 0 native plugins for Editor in 0.00 ms.
Mono: successfully reloaded assembly
- Completed reload, in  0.680 seconds
Platform modules already initialized, skipping
Refreshing native plugins compatible for Editor in 0.18 ms, found 0 plugins.
Preloading 0 native plugins for Editor in 0.00 ms.
Unloading 1118 Unused Serialized files (Serialized files now loaded: 0)
System memory in use before: 61.1 MB.
System memory in use after: 61.2 MB.

Unloading 5 unused Assets to reduce memory usage. Loaded Objects now: 1719.
Total: 1.415400 ms (FindLiveObjects: 0.124000 ms CreateObjectMapping: 0.031100 ms MarkObjects: 1.216500 ms  DeleteObjects: 0.042600 ms)

========================================================================
Received Import Request.
  Time since last request: 45.762703 seconds.
  path: Assets/Scenes/Win.unity
  artifactKey: Guid(354872ae72c79d440a2e1c60c376dfd1) Importer(815301076,1909f56bfc062723c751e8b465ee728b)
Start importing Assets/Scenes/Win.unity using Guid(354872ae72c79d440a2e1c60c376dfd1) Importer(815301076,1909f56bfc062723c751e8b465ee728b)  -> (artifact id: 'f1e8e7c1ef0f4e6707700aace52d07d3') in 0.009740 seconds
  Import took 0.011638 seconds .

========================================================================
Received Import Request.
  Time since last request: 0.000305 seconds.
  path: Assets/Scenes/Win.unity
  artifactKey: Guid(354872ae72c79d440a2e1c60c376dfd1) Importer(815301076,1909f56bfc062723c751e8b465ee728b)
Start importing Assets/Scenes/Win.unity using Guid(354872ae72c79d440a2e1c60c376dfd1) Importer(815301076,1909f56bfc062723c751e8b465ee728b)  -> (artifact id: 'f1e8e7c1ef0f4e6707700aace52d07d3') in 0.002022 seconds
  Import took 0.004426 seconds .

========================================================================
Received Import Request.
  Time since last request: 19.896988 seconds.
  path: Assets/Scenes/Menu.unity
  artifactKey: Guid(f928bc89d86cd4b45a84bc3e2fff03a5) Importer(815301076,1909f56bfc062723c751e8b465ee728b)
Start importing Assets/Scenes/Menu.unity using Guid(f928bc89d86cd4b45a84bc3e2fff03a5) Importer(815301076,1909f56bfc062723c751e8b465ee728b)  -> (artifact id: 'f7d3c86fd190a5ab6ad8875483cee900') in 0.001669 seconds
  Import took 0.003352 seconds .

========================================================================
Received Import Request.
  Time since last request: 1.113969 seconds.
  path: Assets/Scenes/Load.unity
  artifactKey: Guid(671b367839dbff44d86f5e5d4d97be75) Importer(815301076,1909f56bfc062723c751e8b465ee728b)
Start importing Assets/Scenes/Load.unity using Guid(671b367839dbff44d86f5e5d4d97be75) Importer(815301076,1909f56bfc062723c751e8b465ee728b)  -> (artifact id: 'a175b2b52f95ec1e0ed917a793d96a7a') in 0.001627 seconds
  Import took 0.003574 seconds .

========================================================================
Received Import Request.
  Time since last request: 14.110494 seconds.
  path: Assets/Scenes/Map1.unity
  artifactKey: Guid(9fc0d4010bbf28b4594072e72b8655ab) Importer(815301076,1909f56bfc062723c751e8b465ee728b)
Start importing Assets/Scenes/Map1.unity using Guid(9fc0d4010bbf28b4594072e72b8655ab) Importer(815301076,1909f56bfc062723c751e8b465ee728b)  -> (artifact id: '38c2d996286c94e21bee4010ef34e0d4') in 0.001665 seconds
  Import took 0.003768 seconds .

========================================================================
Received Prepare
Registering precompiled user dll's ...
Registered in 0.000671 seconds.
Begin MonoManager ReloadAssembly
Native extension for WindowsStandalone target not found
Refreshing native plugins compatible for Editor in 0.19 ms, found 0 plugins.
Preloading 0 native plugins for Editor in 0.00 ms.
Mono: successfully reloaded assembly
- Completed reload, in  0.716 seconds
Platform modules already initialized, skipping
Refreshing native plugins compatible for Editor in 0.18 ms, found 0 plugins.
Preloading 0 native plugins for Editor in 0.00 ms.
Unloading 1118 Unused Serialized files (Serialized files now loaded: 0)
System memory in use before: 61.2 MB.
System memory in use after: 61.2 MB.

Unloading 5 unused Assets to reduce memory usage. Loaded Objects now: 1722.
Total: 1.696000 ms (FindLiveObjects: 0.108400 ms CreateObjectMapping: 0.026500 ms MarkObjects: 1.517200 ms  DeleteObjects: 0.043000 ms)

========================================================================
Received Prepare
Registering precompiled user dll's ...
Registered in 0.000633 seconds.
Begin MonoManager ReloadAssembly
Native extension for WindowsStandalone target not found
Refreshing native plugins compatible for Editor in 0.18 ms, found 0 plugins.
Preloading 0 native plugins for Editor in 0.00 ms.
Mono: successfully reloaded assembly
- Completed reload, in  0.662 seconds
Platform modules already initialized, skipping
Refreshing native plugins compatible for Editor in 0.18 ms, found 0 plugins.
Preloading 0 native plugins for Editor in 0.00 ms.
Unloading 1118 Unused Serialized files (Serialized files now loaded: 0)
System memory in use before: 61.2 MB.
System memory in use after: 61.2 MB.

Unloading 5 unused Assets to reduce memory usage. Loaded Objects now: 1725.
Total: 1.661900 ms (FindLiveObjects: 0.123000 ms CreateObjectMapping: 0.030700 ms MarkObjects: 1.464900 ms  DeleteObjects: 0.042300 ms)

========================================================================
Received Prepare
Registering precompiled user dll's ...
Registered in 0.001170 seconds.
Begin MonoManager ReloadAssembly
Native extension for WindowsStandalone target not found
Refreshing native plugins compatible for Editor in 0.18 ms, found 0 plugins.
Preloading 0 native plugins for Editor in 0.00 ms.
Mono: successfully reloaded assembly
- Completed reload, in  0.676 seconds
Platform modules already initialized, skipping
Refreshing native plugins compatible for Editor in 0.18 ms, found 0 plugins.
Preloading 0 native plugins for Editor in 0.00 ms.
Unloading 1118 Unused Serialized files (Serialized files now loaded: 0)
System memory in use before: 61.2 MB.
System memory in use after: 61.3 MB.

Unloading 5 unused Assets to reduce memory usage. Loaded Objects now: 1728.
Total: 1.479400 ms (FindLiveObjects: 0.128000 ms CreateObjectMapping: 0.027400 ms MarkObjects: 1.280900 ms  DeleteObjects: 0.042400 ms)

========================================================================
Received Prepare
Registering precompiled user dll's ...
Registered in 0.000639 seconds.
Begin MonoManager ReloadAssembly
Native extension for WindowsStandalone target not found
Refreshing native plugins compatible for Editor in 0.18 ms, found 0 plugins.
Preloading 0 native plugins for Editor in 0.00 ms.
Mono: successfully reloaded assembly
- Completed reload, in  0.659 seconds
Platform modules already initialized, skipping
Refreshing native plugins compatible for Editor in 0.18 ms, found 0 plugins.
Preloading 0 native plugins for Editor in 0.00 ms.
Unloading 1118 Unused Serialized files (Serialized files now loaded: 0)
System memory in use before: 61.2 MB.
System memory in use after: 61.3 MB.

Unloading 5 unused Assets to reduce memory usage. Loaded Objects now: 1731.
Total: 1.527600 ms (FindLiveObjects: 0.129500 ms CreateObjectMapping: 0.031600 ms MarkObjects: 1.322900 ms  DeleteObjects: 0.042700 ms)

========================================================================
Received Import Request.
  Time since last request: 274.514104 seconds.
  path: Assets/Scripts/Switch.cs
  artifactKey: Guid(cc68c1da89a9ed44cb495ac287a77d79) Importer(815301076,1909f56bfc062723c751e8b465ee728b)
Start importing Assets/Scripts/Switch.cs using Guid(cc68c1da89a9ed44cb495ac287a77d79) Importer(815301076,1909f56bfc062723c751e8b465ee728b)  -> (artifact id: '2d6a2b0e13302c78392fd267d4a76b62') in 0.003156 seconds
  Import took 0.004811 seconds .

========================================================================
Received Prepare
Registering precompiled user dll's ...
Registered in 0.000608 seconds.
Begin MonoManager ReloadAssembly
Native extension for WindowsStandalone target not found
Refreshing native plugins compatible for Editor in 0.18 ms, found 0 plugins.
Preloading 0 native plugins for Editor in 0.00 ms.
Mono: successfully reloaded assembly
- Completed reload, in  0.690 seconds
Platform modules already initialized, skipping
Refreshing native plugins compatible for Editor in 0.19 ms, found 0 plugins.
Preloading 0 native plugins for Editor in 0.00 ms.
Unloading 1118 Unused Serialized files (Serialized files now loaded: 0)
System memory in use before: 61.2 MB.
System memory in use after: 61.3 MB.

Unloading 5 unused Assets to reduce memory usage. Loaded Objects now: 1734.
Total: 1.428600 ms (FindLiveObjects: 0.126200 ms CreateObjectMapping: 0.030400 ms MarkObjects: 1.228400 ms  DeleteObjects: 0.043000 ms)

========================================================================
Received Import Request.
  Time since last request: 143.770310 seconds.
  path: Assets/Scenes/Map1.unity
  artifactKey: Guid(9fc0d4010bbf28b4594072e72b8655ab) Importer(815301076,1909f56bfc062723c751e8b465ee728b)
Start importing Assets/Scenes/Map1.unity using Guid(9fc0d4010bbf28b4594072e72b8655ab) Importer(815301076,1909f56bfc062723c751e8b465ee728b)  -> (artifact id: '6f7f5108964fc7c90c7519b9957309f3') in 0.013776 seconds
  Import took 0.015674 seconds .

========================================================================
Received Prepare
Registering precompiled user dll's ...
Registered in 0.000617 seconds.
Begin MonoManager ReloadAssembly
Native extension for WindowsStandalone target not found
Refreshing native plugins compatible for Editor in 0.19 ms, found 0 plugins.
Preloading 0 native plugins for Editor in 0.00 ms.
Mono: successfully reloaded assembly
- Completed reload, in  0.659 seconds
Platform modules already initialized, skipping
Refreshing native plugins compatible for Editor in 0.17 ms, found 0 plugins.
Preloading 0 native plugins for Editor in 0.00 ms.
Unloading 1118 Unused Serialized files (Serialized files now loaded: 0)
System memory in use before: 61.2 MB.
System memory in use after: 61.3 MB.

Unloading 5 unused Assets to reduce memory usage. Loaded Objects now: 1737.
Total: 1.753900 ms (FindLiveObjects: 0.127400 ms CreateObjectMapping: 0.028100 ms MarkObjects: 1.555500 ms  DeleteObjects: 0.042100 ms)

========================================================================
Received Import Request.
  Time since last request: 23.774969 seconds.
  path: Assets/Scenes/Map2.unity
  artifactKey: Guid(db772b0cd046ed54b83e551c486ed266) Importer(815301076,1909f56bfc062723c751e8b465ee728b)
Start importing Assets/Scenes/Map2.unity using Guid(db772b0cd046ed54b83e551c486ed266) Importer(815301076,1909f56bfc062723c751e8b465ee728b)  -> (artifact id: 'f8f7517a442c190d2acf9a1e60ecd468') in 0.010026 seconds
  Import took 0.012240 seconds .

========================================================================
Received Import Request.
  Time since last request: 0.000407 seconds.
  path: Assets/Scenes/Map2.unity
  artifactKey: Guid(db772b0cd046ed54b83e551c486ed266) Importer(815301076,1909f56bfc062723c751e8b465ee728b)
Start importing Assets/Scenes/Map2.unity using Guid(db772b0cd046ed54b83e551c486ed266) Importer(815301076,1909f56bfc062723c751e8b465ee728b)  -> (artifact id: 'f8f7517a442c190d2acf9a1e60ecd468') in 0.001943 seconds
  Import took 0.004277 seconds .

========================================================================
Received Prepare
Registering precompiled user dll's ...
Registered in 0.000645 seconds.
Begin MonoManager ReloadAssembly
Native extension for WindowsStandalone target not found
Refreshing native plugins compatible for Editor in 0.18 ms, found 0 plugins.
Preloading 0 native plugins for Editor in 0.00 ms.
Mono: successfully reloaded assembly
- Completed reload, in  0.685 seconds
Platform modules already initialized, skipping
Refreshing native plugins compatible for Editor in 0.20 ms, found 0 plugins.
Preloading 0 native plugins for Editor in 0.00 ms.
Unloading 1118 Unused Serialized files (Serialized files now loaded: 0)
System memory in use before: 61.2 MB.
System memory in use after: 61.3 MB.

Unloading 5 unused Assets to reduce memory usage. Loaded Objects now: 1740.
Total: 1.562600 ms (FindLiveObjects: 0.129900 ms CreateObjectMapping: 0.031500 ms MarkObjects: 1.357600 ms  DeleteObjects: 0.042800 ms)

========================================================================
Received Prepare
Registering precompiled user dll's ...
Registered in 0.000675 seconds.
Begin MonoManager ReloadAssembly
Native extension for WindowsStandalone target not found
Refreshing native plugins compatible for Editor in 0.18 ms, found 0 plugins.
Preloading 0 native plugins for Editor in 0.00 ms.
Mono: successfully reloaded assembly
- Completed reload, in  0.697 seconds
Platform modules already initialized, skipping
Refreshing native plugins compatible for Editor in 0.18 ms, found 0 plugins.
Preloading 0 native plugins for Editor in 0.00 ms.
Unloading 1118 Unused Serialized files (Serialized files now loaded: 0)
System memory in use before: 61.2 MB.
System memory in use after: 61.3 MB.

Unloading 5 unused Assets to reduce memory usage. Loaded Objects now: 1743.
Total: 1.713200 ms (FindLiveObjects: 0.135400 ms CreateObjectMapping: 0.030500 ms MarkObjects: 1.501700 ms  DeleteObjects: 0.044500 ms)

========================================================================
Received Prepare
Registering precompiled user dll's ...
Registered in 0.000600 seconds.
Begin MonoManager ReloadAssembly
Native extension for WindowsStandalone target not found
Refreshing native plugins compatible for Editor in 0.19 ms, found 0 plugins.
Preloading 0 native plugins for Editor in 0.00 ms.
Mono: successfully reloaded assembly
- Completed reload, in  0.671 seconds
Platform modules already initialized, skipping
Refreshing native plugins compatible for Editor in 0.18 ms, found 0 plugins.
Preloading 0 native plugins for Editor in 0.00 ms.
Unloading 1118 Unused Serialized files (Serialized files now loaded: 0)
System memory in use before: 61.2 MB.
System memory in use after: 61.3 MB.

Unloading 5 unused Assets to reduce memory usage. Loaded Objects now: 1746.
Total: 1.547400 ms (FindLiveObjects: 0.123600 ms CreateObjectMapping: 0.031700 ms MarkObjects: 1.351300 ms  DeleteObjects: 0.040100 ms)

========================================================================
Received Import Request.
  Time since last request: 116.066437 seconds.
  path: Assets/Scenes/Map1.unity
  artifactKey: Guid(9fc0d4010bbf28b4594072e72b8655ab) Importer(815301076,1909f56bfc062723c751e8b465ee728b)
Start importing Assets/Scenes/Map1.unity using Guid(9fc0d4010bbf28b4594072e72b8655ab) Importer(815301076,1909f56bfc062723c751e8b465ee728b)  -> (artifact id: '4d5cdf4109e1456f9ab5b6b2a9c14054') in 0.009566 seconds
  Import took 0.011654 seconds .

========================================================================
Received Import Request.
  Time since last request: 0.000644 seconds.
  path: Assets/Scenes/Map1.unity
  artifactKey: Guid(9fc0d4010bbf28b4594072e72b8655ab) Importer(815301076,1909f56bfc062723c751e8b465ee728b)
Start importing Assets/Scenes/Map1.unity using Guid(9fc0d4010bbf28b4594072e72b8655ab) Importer(815301076,1909f56bfc062723c751e8b465ee728b)  -> (artifact id: '4d5cdf4109e1456f9ab5b6b2a9c14054') in 0.001644 seconds
  Import took 0.003340 seconds .

========================================================================
Received Import Request.
  Time since last request: 16.170893 seconds.
  path: Assets/Scenes/Map2.unity
  artifactKey: Guid(db772b0cd046ed54b83e551c486ed266) Importer(815301076,1909f56bfc062723c751e8b465ee728b)
Start importing Assets/Scenes/Map2.unity using Guid(db772b0cd046ed54b83e551c486ed266) Importer(815301076,1909f56bfc062723c751e8b465ee728b)  -> (artifact id: 'd8b363ef605e799f816f1d3710d1ed2e') in 0.001870 seconds
  Import took 0.003714 seconds .

========================================================================
Received Import Request.
  Time since last request: 15.103311 seconds.
  path: Assets/Scenes/Map1.unity
  artifactKey: Guid(9fc0d4010bbf28b4594072e72b8655ab) Importer(815301076,1909f56bfc062723c751e8b465ee728b)
Start importing Assets/Scenes/Map1.unity using Guid(9fc0d4010bbf28b4594072e72b8655ab) Importer(815301076,1909f56bfc062723c751e8b465ee728b)  -> (artifact id: 'b3477a2188ef76d34485965bd09ac767') in 0.001653 seconds
  Import took 0.003629 seconds .

========================================================================
Received Prepare
Registering precompiled user dll's ...
Registered in 0.000726 seconds.
Begin MonoManager ReloadAssembly
Native extension for WindowsStandalone target not found
Refreshing native plugins compatible for Editor in 0.19 ms, found 0 plugins.
Preloading 0 native plugins for Editor in 0.00 ms.
Mono: successfully reloaded assembly
- Completed reload, in  0.665 seconds
Platform modules already initialized, skipping
Refreshing native plugins compatible for Editor in 0.18 ms, found 0 plugins.
Preloading 0 native plugins for Editor in 0.00 ms.
Unloading 1118 Unused Serialized files (Serialized files now loaded: 0)
System memory in use before: 61.3 MB.
System memory in use after: 61.3 MB.

Unloading 5 unused Assets to reduce memory usage. Loaded Objects now: 1749.
Total: 1.845600 ms (FindLiveObjects: 0.126000 ms CreateObjectMapping: 0.031300 ms MarkObjects: 1.645800 ms  DeleteObjects: 0.041700 ms)

========================================================================
Received Import Request.
  Time since last request: 35.412554 seconds.
  path: Assets/Scenes/Map1.unity
  artifactKey: Guid(9fc0d4010bbf28b4594072e72b8655ab) Importer(815301076,1909f56bfc062723c751e8b465ee728b)
Start importing Assets/Scenes/Map1.unity using Guid(9fc0d4010bbf28b4594072e72b8655ab) Importer(815301076,1909f56bfc062723c751e8b465ee728b)  -> (artifact id: 'a352853f4810d8c6454f4d64c4d28b38') in 0.009902 seconds
  Import took 0.011618 seconds .

========================================================================
Received Import Request.
  Time since last request: 52.888072 seconds.
  path: Assets/Scenes/Win.unity
  artifactKey: Guid(354872ae72c79d440a2e1c60c376dfd1) Importer(815301076,1909f56bfc062723c751e8b465ee728b)
Start importing Assets/Scenes/Win.unity using Guid(354872ae72c79d440a2e1c60c376dfd1) Importer(815301076,1909f56bfc062723c751e8b465ee728b)  -> (artifact id: '26cd6c7dff248fd86bbf130ddef51077') in 0.001607 seconds
  Import took 0.003244 seconds .

========================================================================
Received Import Request.
  Time since last request: 0.012649 seconds.
  path: Assets/Scenes/Win.unity
  artifactKey: Guid(354872ae72c79d440a2e1c60c376dfd1) Importer(815301076,1909f56bfc062723c751e8b465ee728b)
Start importing Assets/Scenes/Win.unity using Guid(354872ae72c79d440a2e1c60c376dfd1) Importer(815301076,1909f56bfc062723c751e8b465ee728b)  -> (artifact id: '26cd6c7dff248fd86bbf130ddef51077') in 0.001612 seconds
  Import took 0.003246 seconds .

========================================================================
Received Prepare
Registering precompiled user dll's ...
Registered in 0.000646 seconds.
Begin MonoManager ReloadAssembly
Native extension for WindowsStandalone target not found
Refreshing native plugins compatible for Editor in 0.19 ms, found 0 plugins.
Preloading 0 native plugins for Editor in 0.00 ms.
Mono: successfully reloaded assembly
- Completed reload, in  0.649 seconds
Platform modules already initialized, skipping
Refreshing native plugins compatible for Editor in 0.21 ms, found 0 plugins.
Preloading 0 native plugins for Editor in 0.00 ms.
Unloading 1118 Unused Serialized files (Serialized files now loaded: 0)
System memory in use before: 61.3 MB.
System memory in use after: 61.4 MB.

Unloading 5 unused Assets to reduce memory usage. Loaded Objects now: 1752.
Total: 1.753400 ms (FindLiveObjects: 0.125900 ms CreateObjectMapping: 0.027500 ms MarkObjects: 1.556600 ms  DeleteObjects: 0.042400 ms)

========================================================================
Received Import Request.
  Time since last request: 385.599001 seconds.
  path: Assets/Scenes/Map3.unity
  artifactKey: Guid(97b4eaa26933c7f439c09c17fe609e3e) Importer(815301076,1909f56bfc062723c751e8b465ee728b)
Start importing Assets/Scenes/Map3.unity using Guid(97b4eaa26933c7f439c09c17fe609e3e) Importer(815301076,1909f56bfc062723c751e8b465ee728b)  -> (artifact id: '54ebcd6f7583e3ba5649410667c6eb5a') in 0.012935 seconds
  Import took 0.014978 seconds .

========================================================================
Received Import Request.
  Time since last request: 60.081480 seconds.
  path: Assets/Scenes/Win.unity
  artifactKey: Guid(354872ae72c79d440a2e1c60c376dfd1) Importer(815301076,1909f56bfc062723c751e8b465ee728b)
Start importing Assets/Scenes/Win.unity using Guid(354872ae72c79d440a2e1c60c376dfd1) Importer(815301076,1909f56bfc062723c751e8b465ee728b)  -> (artifact id: '7eb4a61efae8c71cb6aeec009b5186e5') in 0.001623 seconds
  Import took 0.003619 seconds .

========================================================================
Received Import Request.
  Time since last request: 2.222486 seconds.
  path: Assets/Scenes/Map3.unity
  artifactKey: Guid(97b4eaa26933c7f439c09c17fe609e3e) Importer(815301076,1909f56bfc062723c751e8b465ee728b)
Start importing Assets/Scenes/Map3.unity using Guid(97b4eaa26933c7f439c09c17fe609e3e) Importer(815301076,1909f56bfc062723c751e8b465ee728b)  -> (artifact id: '83bad0b45e42583cc488d51f898bf0ef') in 0.001648 seconds
  Import took 0.003479 seconds .

========================================================================
Received Import Request.
  Time since last request: 1.695587 seconds.
  path: Assets/Scenes/Map1.unity
  artifactKey: Guid(9fc0d4010bbf28b4594072e72b8655ab) Importer(815301076,1909f56bfc062723c751e8b465ee728b)
Start importing Assets/Scenes/Map1.unity using Guid(9fc0d4010bbf28b4594072e72b8655ab) Importer(815301076,1909f56bfc062723c751e8b465ee728b)  -> (artifact id: '1dd09e904a7787cfdff330a0a18c064a') in 0.001625 seconds
  Import took 0.003447 seconds .

========================================================================
Received Import Request.
  Time since last request: 242.341305 seconds.
  path: Assets/Textures/rules.png
  artifactKey: Guid(9bbfff7174fad3e45b789982783bbe52) Importer(815301076,1909f56bfc062723c751e8b465ee728b)
Start importing Assets/Textures/rules.png using Guid(9bbfff7174fad3e45b789982783bbe52) Importer(815301076,1909f56bfc062723c751e8b465ee728b)  -> (artifact id: 'b12643801d7d71febba9a0cb07495c89') in 0.035255 seconds
  Import took 0.037276 seconds .

========================================================================
Received Prepare
Registering precompiled user dll's ...
Registered in 0.000674 seconds.
Begin MonoManager ReloadAssembly
Native extension for WindowsStandalone target not found
Refreshing native plugins compatible for Editor in 0.18 ms, found 0 plugins.
Preloading 0 native plugins for Editor in 0.00 ms.
Mono: successfully reloaded assembly
- Completed reload, in  0.683 seconds
Platform modules already initialized, skipping
Refreshing native plugins compatible for Editor in 0.19 ms, found 0 plugins.
Preloading 0 native plugins for Editor in 0.00 ms.
Unloading 1118 Unused Serialized files (Serialized files now loaded: 0)
System memory in use before: 61.3 MB.
System memory in use after: 61.4 MB.

Unloading 5 unused Assets to reduce memory usage. Loaded Objects now: 1755.
Total: 1.569100 ms (FindLiveObjects: 0.125400 ms CreateObjectMapping: 0.031700 ms MarkObjects: 1.369100 ms  DeleteObjects: 0.041800 ms)

========================================================================
Received Prepare
Registering precompiled user dll's ...
Registered in 0.000608 seconds.
Begin MonoManager ReloadAssembly
Native extension for WindowsStandalone target not found
Refreshing native plugins compatible for Editor in 0.18 ms, found 0 plugins.
Preloading 0 native plugins for Editor in 0.00 ms.
Mono: successfully reloaded assembly
- Completed reload, in  0.662 seconds
Platform modules already initialized, skipping
Refreshing native plugins compatible for Editor in 0.38 ms, found 0 plugins.
Preloading 0 native plugins for Editor in 0.00 ms.
Unloading 1118 Unused Serialized files (Serialized files now loaded: 0)
System memory in use before: 61.3 MB.
System memory in use after: 61.4 MB.

Unloading 5 unused Assets to reduce memory usage. Loaded Objects now: 1758.
Total: 1.621400 ms (FindLiveObjects: 0.119700 ms CreateObjectMapping: 0.030100 ms MarkObjects: 1.428800 ms  DeleteObjects: 0.042000 ms)

========================================================================
Received Prepare
Refreshing native plugins compatible for Editor in 0.65 ms, found 0 plugins.
Preloading 0 native plugins for Editor in 0.00 ms.
Unloading 3 Unused Serialized files (Serialized files now loaded: 0)
System memory in use before: 39.2 MB.
System memory in use after: 39.3 MB.

Unloading 3 unused Assets to reduce memory usage. Loaded Objects now: 1758.
Total: 2.228400 ms (FindLiveObjects: 0.172900 ms CreateObjectMapping: 0.053700 ms MarkObjects: 1.944600 ms  DeleteObjects: 0.056000 ms)

AssetImportWorkerClient::OnTransportError - code=2 error=End of file
